0 info it worked if it ends with ok
1 verbose cli [ '/usr/local/bin/node', '/usr/local/bin/npm', 'publish' ]
2 info using npm@3.8.3
3 info using node@v5.10.1
4 verbose publish [ '.' ]
5 silly cache add args [ '.', null ]
6 verbose cache add spec .
7 silly cache add parsed spec Result {
7 silly cache add   raw: '.',
7 silly cache add   scope: null,
7 silly cache add   name: null,
7 silly cache add   rawSpec: '.',
7 silly cache add   spec: '/Users/Jehan/Desktop/earnshark-sdk-js',
7 silly cache add   type: 'directory' }
8 verbose addLocalDirectory /Users/Jehan/.npm/earnshark-sdk/0.0.3/package.tgz not in flight; packing
9 verbose correctMkdir /Users/Jehan/.npm correctMkdir not in flight; initializing
10 info lifecycle earnshark-sdk@0.0.3~prepublish: earnshark-sdk@0.0.3
11 silly lifecycle earnshark-sdk@0.0.3~prepublish: no script for prepublish, continuing
12 verbose tar pack [ '/Users/Jehan/.npm/earnshark-sdk/0.0.3/package.tgz',
12 verbose tar pack   '/Users/Jehan/Desktop/earnshark-sdk-js' ]
13 verbose tarball /Users/Jehan/.npm/earnshark-sdk/0.0.3/package.tgz
14 verbose folder /Users/Jehan/Desktop/earnshark-sdk-js
15 verbose addLocalTarball adding from inside cache /Users/Jehan/.npm/earnshark-sdk/0.0.3/package.tgz
16 verbose correctMkdir /Users/Jehan/.npm correctMkdir not in flight; initializing
17 silly cache afterAdd earnshark-sdk@0.0.3
18 verbose afterAdd /Users/Jehan/.npm/earnshark-sdk/0.0.3/package/package.json not in flight; writing
19 verbose correctMkdir /Users/Jehan/.npm correctMkdir not in flight; initializing
20 verbose afterAdd /Users/Jehan/.npm/earnshark-sdk/0.0.3/package/package.json written
21 silly publish { name: 'earnshark-sdk',
21 silly publish   version: '0.0.3',
21 silly publish   engines: { node: '>=4.0' },
21 silly publish   description: 'Earnshark client SDK for JavaScript',
21 silly publish   author: { name: '99xtechnology.com' },
21 silly publish   license: 'MIT',
21 silly publish   repository:
21 silly publish    { type: 'git',
21 silly publish      url: 'git+https://github.com/99xt/earnshark-sdk-js.git' },
21 silly publish   keywords:
21 silly publish    [ 'earnshark',
21 silly publish      'license',
21 silly publish      'saas',
21 silly publish      'platform',
21 silly publish      'licensing',
21 silly publish      'manage',
21 silly publish      'api',
21 silly publish      'sdk',
21 silly publish      'javascript',
21 silly publish      'paas',
21 silly publish      'management' ],
21 silly publish   main: 'index.js',
21 silly publish   bin: {},
21 silly publish   scripts: { test: 'echo "Warning: no test specified" && exit 0' },
21 silly publish   dependencies: { request: '^2.72.0' },
21 silly publish   readme: '# earnshark-sdk-js\n\n[![Join the chat at https://gitter.im/99xt/earnshark-sdk-js](https://badges.gitter.im/99xt/earnshark-sdk-js.svg)](https://gitter.im/99xt/earnshark-sdk-js?utm_source=badge&utm_medium=badge&utm_campaign=pr-badge&utm_content=badge)\n[![serverless](http://public.serverless.com/badges/v3.svg)](http://www.serverless.com)\n[![npm version](https://badge.fury.io/js/earnshark-sdk.svg)](https://badge.fury.io/js/earnshark-sdk)\n[![license](https://img.shields.io/npm/l/earnshark-sdk.svg)](https://www.npmjs.com/package/earnshark-sdk)\n \nThis is a JavaScript SDK to call https://app.earnshark.com API. Contains methods to call the EarnShark API making the application integration fast. \n\n## This Plugin Requires\n* NodeJS Runtime Environment\n\n## Installation\n\n`npm install earnshark-sdk`\n\nThen you will be able to access the EarnShark API through your code.\n\nAfter installation require the EarnShark npm through: `var earnsharknpm = require(\'earnshark-sdk\');`\n\n## Available Methods\n* getAccountInformation - Retrieve information on a particular account/subscription\n* getLicenseInformation - Retrieve information on a particular license\n* addNewSubscription - Add a new subscription to a product\n\n\n ',
21 silly publish   readmeFilename: 'README.md',
21 silly publish   gitHead: 'd45e8778bdefcf455b5be9385e4ddb62b901405e',
21 silly publish   bugs: { url: 'https://github.com/99xt/earnshark-sdk-js/issues' },
21 silly publish   homepage: 'https://github.com/99xt/earnshark-sdk-js#readme',
21 silly publish   _id: 'earnshark-sdk@0.0.3',
21 silly publish   _shasum: 'd9d59c007502a4c74ef985c1c2046ebd988d2179',
21 silly publish   _from: '.' }
22 verbose getPublishConfig undefined
23 silly mapToRegistry name earnshark-sdk
24 silly mapToRegistry using default registry
25 silly mapToRegistry registry https://registry.npmjs.org/
26 silly mapToRegistry data Result {
26 silly mapToRegistry   raw: 'earnshark-sdk',
26 silly mapToRegistry   scope: null,
26 silly mapToRegistry   name: 'earnshark-sdk',
26 silly mapToRegistry   rawSpec: '',
26 silly mapToRegistry   spec: 'latest',
26 silly mapToRegistry   type: 'tag' }
27 silly mapToRegistry uri https://registry.npmjs.org/earnshark-sdk
28 verbose publish registryBase https://registry.npmjs.org/
29 silly publish uploading /Users/Jehan/.npm/earnshark-sdk/0.0.3/package.tgz
30 verbose request uri https://registry.npmjs.org/earnshark-sdk
31 verbose request sending authorization for write operation
32 info attempt registry request try #1 at 4:20:09 PM
33 verbose request using bearer token for auth
34 verbose request id 9b0a1febdf14a9e0
35 http request PUT https://registry.npmjs.org/earnshark-sdk
36 http 403 https://registry.npmjs.org/earnshark-sdk
37 verbose headers { 'content-type': 'application/json',
37 verbose headers   'cache-control': 'max-age=300',
37 verbose headers   'content-length': '107',
37 verbose headers   'accept-ranges': 'bytes',
37 verbose headers   date: 'Tue, 28 Jun 2016 10:50:09 GMT',
37 verbose headers   via: '1.1 varnish',
37 verbose headers   connection: 'keep-alive',
37 verbose headers   'x-served-by': 'cache-sin6924-SIN',
37 verbose headers   'x-cache': 'MISS',
37 verbose headers   'x-cache-hits': '0',
37 verbose headers   'x-timer': 'S1467111009.642640,VS0,VE209',
37 verbose headers   vary: 'Accept-Encoding' }
38 verbose request invalidating /Users/Jehan/.npm/registry.npmjs.org/earnshark-sdk on PUT
39 error publish Failed PUT 403
40 verbose stack Error: you do not have permission to publish "earnshark-sdk". Are you logged in as the correct user? : earnshark-sdk
40 verbose stack     at makeError (/usr/local/lib/node_modules/npm/node_modules/npm-registry-client/lib/request.js:264:12)
40 verbose stack     at CachingRegistryClient.<anonymous> (/usr/local/lib/node_modules/npm/node_modules/npm-registry-client/lib/request.js:252:14)
40 verbose stack     at Request._callback (/usr/local/lib/node_modules/npm/node_modules/npm-registry-client/lib/request.js:172:14)
40 verbose stack     at Request.self.callback (/usr/local/lib/node_modules/npm/node_modules/request/request.js:199:22)
40 verbose stack     at emitTwo (events.js:100:13)
40 verbose stack     at Request.emit (events.js:185:7)
40 verbose stack     at Request.<anonymous> (/usr/local/lib/node_modules/npm/node_modules/request/request.js:1036:10)
40 verbose stack     at emitOne (events.js:95:20)
40 verbose stack     at Request.emit (events.js:182:7)
40 verbose stack     at IncomingMessage.<anonymous> (/usr/local/lib/node_modules/npm/node_modules/request/request.js:963:12)
41 verbose statusCode 403
42 verbose pkgid earnshark-sdk
43 verbose cwd /Users/Jehan/Desktop/earnshark-sdk-js
44 error Darwin 14.1.0
45 error argv "/usr/local/bin/node" "/usr/local/bin/npm" "publish"
46 error node v5.10.1
47 error npm  v3.8.3
48 error code E403
49 error you do not have permission to publish "earnshark-sdk". Are you logged in as the correct user? : earnshark-sdk
50 error If you need help, you may report this error at:
50 error     <https://github.com/npm/npm/issues>
51 verbose exit [ 1, true ]
